<?xml version="1.0" encoding="UTF-8"?>
<!-- Generated by org.testng.reporters.JUnitReportReporter -->
<testsuite hostname="PIL-tEmluzUJI5j" failures="0" tests="3" name="PDEASolution.SimpleForm" time="119.986" errors="0" timestamp="2025-01-22T00:25:48 IST" skipped="0">
  <testcase classname="PDEASolution.SimpleForm" name="simpleFormDemoTest" time="62.486"/>
  <system-out/>
  <testcase classname="PDEASolution.SimpleForm" name="simpleFormDemoTest" time="25.470"/>
  <system-out/>
  <testcase classname="PDEASolution.SimpleForm" name="simpleFormDemoTest" time="32.030"/>
  <system-out/>
</testsuite> <!-- PDEASolution.SimpleForm -->
