<?xml version="1.0" encoding="UTF-8"?>
<!-- Generated by org.testng.reporters.JUnitReportReporter -->
<testsuite hostname="PIL-tEmluzUJI5j" failures="0" tests="4" name="com.testscenarios.TestScenario3" time="9.651" errors="0" timestamp="2025-01-25T16:25:03 IST" skipped="0">
  <testcase classname="com.testscenarios.TestScenario3" name="testScenario3" time="1.547"/>
  <system-out/>
  <testcase classname="com.testscenarios.TestScenario3" name="testScenario3" time="1.025"/>
  <system-out/>
  <testcase classname="com.testscenarios.TestScenario3" name="testScenario3" time="4.136"/>
  <system-out/>
  <testcase classname="com.testscenarios.TestScenario3" name="testScenario3" time="2.943"/>
  <system-out/>
</testsuite> <!-- com.testscenarios.TestScenario3 -->
