<?xml version="1.0" encoding="UTF-8"?>
<!-- Generated by org.testng.reporters.JUnitReportReporter -->
<testsuite hostname="PIL-tEmluzUJI5j" failures="0" tests="4" name="com.testscenarios.TestScenario2" time="10.820" errors="0" timestamp="2025-01-25T16:25:03 IST" skipped="0">
  <testcase classname="com.testscenarios.TestScenario2" name="testScenario2" time="5.000"/>
  <system-out/>
  <testcase classname="com.testscenarios.TestScenario2" name="testScenario2" time="2.401"/>
  <system-out/>
  <testcase classname="com.testscenarios.TestScenario2" name="testScenario2" time="1.373"/>
  <system-out/>
  <testcase classname="com.testscenarios.TestScenario2" name="testScenario2" time="2.046"/>
  <system-out/>
</testsuite> <!-- com.testscenarios.TestScenario2 -->
