<?xml version="1.0" encoding="UTF-8"?>
<!-- Generated by org.testng.reporters.JUnitReportReporter -->
<testsuite hostname="PIL-tEmluzUJI5j" failures="0" tests="3" name="PDEASolution.FormFillingTest" time="131.563" errors="0" timestamp="2025-01-22T00:25:48 IST" skipped="0">
  <testcase classname="PDEASolution.FormFillingTest" name="FormFilling" time="57.415"/>
  <system-out/>
  <testcase classname="PDEASolution.FormFillingTest" name="FormFilling" time="34.506"/>
  <system-out/>
  <testcase classname="PDEASolution.FormFillingTest" name="FormFilling" time="39.642"/>
  <system-out/>
</testsuite> <!-- PDEASolution.FormFillingTest -->
