<?xml version="1.0" encoding="UTF-8"?>
<!-- Generated by org.testng.reporters.JUnitReportReporter -->
<testsuite hostname="PIL-tEmluzUJI5j" failures="0" tests="3" name="PDEASolution.SliderTest" time="144.503" errors="0" timestamp="2025-01-22T00:25:48 IST" skipped="0">
  <testcase classname="PDEASolution.SliderTest" name="sliderDemoTest" time="34.443"/>
  <system-out/>
  <testcase classname="PDEASolution.SliderTest" name="sliderDemoTest" time="54.131"/>
  <system-out/>
  <testcase classname="PDEASolution.SliderTest" name="sliderDemoTest" time="55.929"/>
  <system-out/>
</testsuite> <!-- PDEASolution.SliderTest -->
